<?xml version="1.0" encoding="UTF-8"?>
<!-- Generated by org.testng.reporters.JUnitReportReporter -->
<testsuite hostname="DESKTOP-BGPMGNP" failures="0" tests="1" name="AppiumMastera.AppiumMastera.AppTest" time="14.925" errors="0" timestamp="01 May 2023 10:53:39 GMT" skipped="0">
  <testcase classname="AppiumMastera.AppiumMastera.AppTest" name="ValidateChromeUrl" time="14.925"/>
</testsuite> <!-- AppiumMastera.AppiumMastera.AppTest -->
