<?xml version="1.0" encoding="UTF-8"?>
<!-- Generated by org.testng.reporters.JUnitReportReporter -->
<testsuite hostname="DESKTOP-BGPMGNP" failures="0" tests="1" name="testClass.SubscribedUserTest" time="16.052" errors="0" timestamp="03 May 2023 05:13:55 GMT" skipped="0">
  <testcase classname="testClass.SubscribedUserTest" name="ValidateChromeUrl" time="16.052"/>
</testsuite> <!-- testClass.SubscribedUserTest -->
