<?xml version="1.0" encoding="UTF-8"?>
<!-- Generated by org.testng.reporters.JUnitReportReporter -->
<testsuite hostname="DESKTOP-BGPMGNP" failures="0" tests="2" name="testClasses.SubscribedUserTest" time="0.003" errors="0" timestamp="2023-05-09T11:04:06 IST" skipped="0">
  <testcase classname="testClasses.SubscribedUserTest" name="verifyFavouriteIcon" time="0.001"/>
  <system-out/>
  <testcase classname="testClasses.SubscribedUserTest" name="selectSeries" time="0.002"/>
  <system-out/>
</testsuite> <!-- testClasses.SubscribedUserTest -->
