<?xml version="1.0" encoding="UTF-8"?>
<!-- Generated by org.testng.reporters.JUnitReportReporter -->
<testsuite hostname="DESKTOP-BGPMGNP" failures="0" tests="11" name="testClasses.LoginTest" time="0.000" errors="0" timestamp="08 Aug 2023 10:32:04 GMT" skipped="11">
  <testcase classname="testClasses.LoginTest" name="NoUser_Login" time="0.000">
    <skipped/>
  </testcase> <!-- NoUser_Login -->
  <testcase classname="testClasses.LoginTest" name="valid_Login" time="0.000">
    <skipped/>
  </testcase> <!-- valid_Login -->
  <testcase classname="testClasses.LoginTest" name="launchApp_already_LoggedIn_User" time="0.000">
    <skipped/>
  </testcase> <!-- launchApp_already_LoggedIn_User -->
  <testcase classname="testClasses.LoginTest" name="userName_Field_Blank" time="0.000">
    <skipped/>
  </testcase> <!-- userName_Field_Blank -->
  <testcase classname="testClasses.LoginTest" name="password_Field_Blank" time="0.000">
    <skipped/>
  </testcase> <!-- password_Field_Blank -->
  <testcase classname="testClasses.LoginTest" name="invalid_Username_Login" time="0.000">
    <skipped/>
  </testcase> <!-- invalid_Username_Login -->
  <testcase classname="testClasses.LoginTest" name="invalid_Password_Login" time="0.000">
    <skipped/>
  </testcase> <!-- invalid_Password_Login -->
  <testcase classname="testClasses.LoginTest" name="decrypted_Password" time="0.000">
    <skipped/>
  </testcase> <!-- decrypted_Password -->
  <testcase classname="testClasses.LoginTest" name="encrypted_Password" time="0.000">
    <skipped/>
  </testcase> <!-- encrypted_Password -->
  <testcase classname="testClasses.LoginTest" name="non_Registered_Email" time="0.000">
    <skipped/>
  </testcase> <!-- non_Registered_Email -->
  <testcase classname="testClasses.LoginTest" name="deleted_Account_Login" time="0.000">
    <skipped/>
  </testcase> <!-- deleted_Account_Login -->
</testsuite> <!-- testClasses.LoginTest -->
