<?xml version="1.0" encoding="UTF-8"?>
<!-- Generated by org.testng.reporters.JUnitReportReporter -->
<testsuite hostname="ankit-gupta" failures="0" tests="1" name="testClasses.UnsubscribedUserTest" time="0.000" errors="0" timestamp="31 Aug 2023 10:31:41 GMT" skipped="1">
  <testcase classname="testClasses.UnsubscribedUserTest" name="UnsubscribedUser" time="0.000">
    <skipped/>
  </testcase> <!-- UnsubscribedUser -->
</testsuite> <!-- testClasses.UnsubscribedUserTest -->
