<?xml version="1.0" encoding="UTF-8"?>
<!-- Generated by org.testng.reporters.JUnitReportReporter -->
<testsuite hostname="DESKTOP-BGPMGNP" failures="0" tests="10" name="testClasses.CategoriesHomePageTest" time="0.000" errors="0" timestamp="15 Jun 2023 16:28:57 GMT" skipped="10">
  <testcase classname="testClasses.CategoriesHomePageTest" name="verifyUIHomePage" time="0.000">
    <skipped/>
  </testcase> <!-- verifyUIHomePage -->
  <testcase classname="testClasses.CategoriesHomePageTest" name="verifyFavouriteAndSearchIcon_WithSubscribedUser" time="0.000">
    <skipped/>
  </testcase> <!-- verifyFavouriteAndSearchIcon_WithSubscribedUser -->
  <testcase classname="testClasses.CategoriesHomePageTest" name="verify5Filter" time="0.000">
    <skipped/>
  </testcase> <!-- verify5Filter -->
  <testcase classname="testClasses.CategoriesHomePageTest" name="verifyIntroEpisodes_ComingSoon" time="0.000">
    <skipped/>
  </testcase> <!-- verifyIntroEpisodes_ComingSoon -->
  <testcase classname="testClasses.CategoriesHomePageTest" name="riverComicsOriginalSeries_Appear" time="0.000">
    <skipped/>
  </testcase> <!-- riverComicsOriginalSeries_Appear -->
  <testcase classname="testClasses.CategoriesHomePageTest" name="allSeries_Appear" time="0.000">
    <skipped/>
  </testcase> <!-- allSeries_Appear -->
  <testcase classname="testClasses.CategoriesHomePageTest" name="selectCategoryPopup_Closed" time="0.000">
    <skipped/>
  </testcase> <!-- selectCategoryPopup_Closed -->
  <testcase classname="testClasses.CategoriesHomePageTest" name="seriesDetailPageOpensUp_AND_sharingPopUpAppear" time="0.000">
    <skipped/>
  </testcase> <!-- seriesDetailPageOpensUp_AND_sharingPopUpAppear -->
  <testcase classname="testClasses.CategoriesHomePageTest" name="addRatingPopUpAppear_AND_RatingGetsUpdated" time="0.000">
    <skipped/>
  </testcase> <!-- addRatingPopUpAppear_AND_RatingGetsUpdated -->
  <testcase classname="testClasses.CategoriesHomePageTest" name="verifyFavouriteIcon" time="0.000">
    <skipped/>
  </testcase> <!-- verifyFavouriteIcon -->
</testsuite> <!-- testClasses.CategoriesHomePageTest -->
