<?xml version="1.0" encoding="UTF-8"?>
<!-- Generated by org.testng.reporters.JUnitReportReporter -->
<testsuite hostname="DESKTOP-BGPMGNP" failures="0" tests="11" name="testClasses.LoginTest" time="243.062" errors="0" timestamp="15 Jun 2023 16:28:57 GMT" skipped="0">
  <testcase classname="testClasses.LoginTest" name="NoUser_Login" time="7.961"/>
  <testcase classname="testClasses.LoginTest" name="valid_Login" time="40.590"/>
  <testcase classname="testClasses.LoginTest" name="launchApp_already_LoggedIn_User" time="26.575"/>
  <testcase classname="testClasses.LoginTest" name="userName_Field_Blank" time="16.706"/>
  <testcase classname="testClasses.LoginTest" name="password_Field_Blank" time="15.921"/>
  <testcase classname="testClasses.LoginTest" name="invalid_Username_Login" time="21.411"/>
  <testcase classname="testClasses.LoginTest" name="invalid_Password_Login" time="22.078"/>
  <testcase classname="testClasses.LoginTest" name="decrypted_Password" time="21.884"/>
  <testcase classname="testClasses.LoginTest" name="encrypted_Password" time="27.602"/>
  <testcase classname="testClasses.LoginTest" name="non_Registered_Email" time="22.119"/>
  <testcase classname="testClasses.LoginTest" name="deleted_Account_Login" time="20.215"/>
</testsuite> <!-- testClasses.LoginTest -->
