<?xml version="1.0" encoding="UTF-8"?>
<!-- Generated by org.testng.reporters.JUnitReportReporter -->
<testsuite hostname="ankit-gupta" failures="0" tests="45" name="testClasses.HumburgerMenuTest" time="0.000" errors="0" timestamp="31 Aug 2023 10:31:41 GMT" skipped="45">
  <testcase classname="testClasses.HumburgerMenuTest" name="validateUnsubscribe_UsernameLogo" time="0.000">
    <skipped/>
  </testcase> <!-- validateUnsubscribe_UsernameLogo -->
  <testcase classname="testClasses.HumburgerMenuTest" name="validateSubscribe_UsernameLogo" time="0.000">
    <skipped/>
  </testcase> <!-- validateSubscribe_UsernameLogo -->
  <testcase classname="testClasses.HumburgerMenuTest" name="validateTabs_SubscribeSearchFavourite" time="0.000">
    <skipped/>
  </testcase> <!-- validateTabs_SubscribeSearchFavourite -->
  <testcase classname="testClasses.HumburgerMenuTest" name="planDetailPage_OpensUp" time="0.000">
    <skipped/>
  </testcase> <!-- planDetailPage_OpensUp -->
  <testcase classname="testClasses.HumburgerMenuTest" name="searchTab_OpensUp" time="0.000">
    <skipped/>
  </testcase> <!-- searchTab_OpensUp -->
  <testcase classname="testClasses.HumburgerMenuTest" name="nonExistingDataEnteredIn_HamburgerMenu" time="0.000">
    <skipped/>
  </testcase> <!-- nonExistingDataEnteredIn_HamburgerMenu -->
  <testcase classname="testClasses.HumburgerMenuTest" name="SeriesEpisodeTabOpensUp" time="0.000">
    <skipped/>
  </testcase> <!-- SeriesEpisodeTabOpensUp -->
  <testcase classname="testClasses.HumburgerMenuTest" name="sharePage_PopUpOpensUp" time="0.000">
    <skipped/>
  </testcase> <!-- sharePage_PopUpOpensUp -->
  <testcase classname="testClasses.HumburgerMenuTest" name="settingPage_OpensUp" time="0.000">
    <skipped/>
  </testcase> <!-- settingPage_OpensUp -->
  <testcase classname="testClasses.HumburgerMenuTest" name="selectLanugauge_OpensUp" time="0.000">
    <skipped/>
  </testcase> <!-- selectLanugauge_OpensUp -->
  <testcase classname="testClasses.HumburgerMenuTest" name="selectedLanguage_Appears" time="0.000">
    <skipped/>
  </testcase> <!-- selectedLanguage_Appears -->
  <testcase classname="testClasses.HumburgerMenuTest" name="updateEmail_OpensUp" time="0.000">
    <skipped/>
  </testcase> <!-- updateEmail_OpensUp -->
  <testcase classname="testClasses.HumburgerMenuTest" name="currentEmailBlank_InUpdatedEmail" time="0.000">
    <skipped/>
  </testcase> <!-- currentEmailBlank_InUpdatedEmail -->
  <testcase classname="testClasses.HumburgerMenuTest" name="NonExistingOrInvalidEmail_InUpdatedEmail" time="0.000">
    <skipped/>
  </testcase> <!-- NonExistingOrInvalidEmail_InUpdatedEmail -->
  <testcase classname="testClasses.HumburgerMenuTest" name="updateEmailWith_AlreadyRegisteredEmail" time="0.000">
    <skipped/>
  </testcase> <!-- updateEmailWith_AlreadyRegisteredEmail -->
  <testcase classname="testClasses.HumburgerMenuTest" name="updateEmailWith_NewEmailBlank" time="0.000">
    <skipped/>
  </testcase> <!-- updateEmailWith_NewEmailBlank -->
  <testcase classname="testClasses.HumburgerMenuTest" name="AlreadyRegistered_InAllFields" time="0.000">
    <skipped/>
  </testcase> <!-- AlreadyRegistered_InAllFields -->
  <testcase classname="testClasses.HumburgerMenuTest" name="sameEmailEntered_InCurrentNewEmail" time="0.000">
    <skipped/>
  </testcase> <!-- sameEmailEntered_InCurrentNewEmail -->
  <testcase classname="testClasses.HumburgerMenuTest" name="confirmEmailBlank_InUpdatedEmail" time="0.000">
    <skipped/>
  </testcase> <!-- confirmEmailBlank_InUpdatedEmail -->
  <testcase classname="testClasses.HumburgerMenuTest" name="differentEmail_InNewEmailConfirmEmail" time="0.000">
    <skipped/>
  </testcase> <!-- differentEmail_InNewEmailConfirmEmail -->
  <testcase classname="testClasses.HumburgerMenuTest" name="validateLink_OnRegisteredEmail" time="0.000">
    <skipped/>
  </testcase> <!-- validateLink_OnRegisteredEmail -->
  <testcase classname="testClasses.HumburgerMenuTest" name="enterValidDetailsIn_AllUpdateEmail" time="0.000">
    <skipped/>
  </testcase> <!-- enterValidDetailsIn_AllUpdateEmail -->
  <testcase classname="testClasses.HumburgerMenuTest" name="loginWith_UpdatedEmail" time="0.000">
    <skipped/>
  </testcase> <!-- loginWith_UpdatedEmail -->
  <testcase classname="testClasses.HumburgerMenuTest" name="updatedEmail_UnderLOGO" time="0.000">
    <skipped/>
  </testcase> <!-- updatedEmail_UnderLOGO -->
  <testcase classname="testClasses.HumburgerMenuTest" name="updatePasswordSubtab_OpensUp" time="0.000">
    <skipped/>
  </testcase> <!-- updatePasswordSubtab_OpensUp -->
  <testcase classname="testClasses.HumburgerMenuTest" name="currentPasswordBlank_InUpdatePasswordSubtab" time="0.000">
    <skipped/>
  </testcase> <!-- currentPasswordBlank_InUpdatePasswordSubtab -->
  <testcase classname="testClasses.HumburgerMenuTest" name="invalidPassword_InCurrentPassword" time="0.000">
    <skipped/>
  </testcase> <!-- invalidPassword_InCurrentPassword -->
  <testcase classname="testClasses.HumburgerMenuTest" name="invalidPassword_InNewPassword" time="0.000">
    <skipped/>
  </testcase> <!-- invalidPassword_InNewPassword -->
  <testcase classname="testClasses.HumburgerMenuTest" name="samePassword_InCurrentandNewPassword" time="0.000">
    <skipped/>
  </testcase> <!-- samePassword_InCurrentandNewPassword -->
  <testcase classname="testClasses.HumburgerMenuTest" name="lessThan6_Character_InUpdatePassword" time="0.000">
    <skipped/>
  </testcase> <!-- lessThan6_Character_InUpdatePassword -->
  <testcase classname="testClasses.HumburgerMenuTest" name="diferentPasswords_InNewConfirmField" time="0.000">
    <skipped/>
  </testcase> <!-- diferentPasswords_InNewConfirmField -->
  <testcase classname="testClasses.HumburgerMenuTest" name="confirmNewPassword_Blank" time="0.000">
    <skipped/>
  </testcase> <!-- confirmNewPassword_Blank -->
  <testcase classname="testClasses.HumburgerMenuTest" name="validDetails_WithValidateLoginPassword" time="0.000">
    <skipped/>
  </testcase> <!-- validDetails_WithValidateLoginPassword -->
  <testcase classname="testClasses.HumburgerMenuTest" name="validateDeviceList" time="0.000">
    <skipped/>
  </testcase> <!-- validateDeviceList -->
  <testcase classname="testClasses.HumburgerMenuTest" name="deletePopUp_OpensUp" time="0.000">
    <skipped/>
  </testcase> <!-- deletePopUp_OpensUp -->
  <testcase classname="testClasses.HumburgerMenuTest" name="delete_Success" time="0.000">
    <skipped/>
  </testcase> <!-- delete_Success -->
  <testcase classname="testClasses.HumburgerMenuTest" name="loginWith_Deleted_Account" time="0.000">
    <skipped/>
  </testcase> <!-- loginWith_Deleted_Account -->
  <testcase classname="testClasses.HumburgerMenuTest" name="selectLanguagePopUpOpensUp" time="0.000">
    <skipped/>
  </testcase> <!-- selectLanguagePopUpOpensUp -->
  <testcase classname="testClasses.HumburgerMenuTest" name="contactUsOpensUp" time="0.000">
    <skipped/>
  </testcase> <!-- contactUsOpensUp -->
  <testcase classname="testClasses.HumburgerMenuTest" name="FAQs" time="0.000">
    <skipped/>
  </testcase> <!-- FAQs -->
  <testcase classname="testClasses.HumburgerMenuTest" name="log_OuT_pageOpensUp" time="0.000">
    <skipped/>
  </testcase> <!-- log_OuT_pageOpensUp -->
  <testcase classname="testClasses.HumburgerMenuTest" name="log_OuT_Success" time="0.000">
    <skipped/>
  </testcase> <!-- log_OuT_Success -->
  <testcase classname="testClasses.HumburgerMenuTest" name="privacy_PoLicy" time="0.000">
    <skipped/>
  </testcase> <!-- privacy_PoLicy -->
  <testcase classname="testClasses.HumburgerMenuTest" name="termsAndConditioN" time="0.000">
    <skipped/>
  </testcase> <!-- termsAndConditioN -->
  <testcase classname="testClasses.HumburgerMenuTest" name="refreshPageOnTap">
    <skipped/>
  </testcase> <!-- refreshPageOnTap -->
</testsuite> <!-- testClasses.HumburgerMenuTest -->
