<?xml version="1.0" encoding="UTF-8"?>
<!-- Generated by org.testng.reporters.JUnitReportReporter -->
<testsuite hostname="ankit-gupta" failures="0" tests="1" name="testClasses.SubscribedUserTest" time="0.000" errors="0" timestamp="31 Aug 2023 10:31:41 GMT" skipped="1">
  <testcase classname="testClasses.SubscribedUserTest" name="subscribedUser" time="0.000">
    <skipped/>
  </testcase> <!-- subscribedUser -->
</testsuite> <!-- testClasses.SubscribedUserTest -->
