<?xml version="1.0" encoding="UTF-8"?>
<!-- Generated by org.testng.reporters.JUnitReportReporter -->
<testsuite hostname="DESKTOP-BGPMGNP" failures="0" tests="7" name="testClasses.ForgotPasswordTest" time="127.071" errors="0" timestamp="15 Jun 2023 16:28:57 GMT" skipped="0">
  <testcase classname="testClasses.ForgotPasswordTest" name="forgetPasswordPageOpensUp" time="14.428"/>
  <testcase classname="testClasses.ForgotPasswordTest" name="EmailField_Blank" time="14.529"/>
  <testcase classname="testClasses.ForgotPasswordTest" name="enterspaces_EmailField" time="19.248"/>
  <testcase classname="testClasses.ForgotPasswordTest" name="invalidEmail" time="19.333"/>
  <testcase classname="testClasses.ForgotPasswordTest" name="unregisteredEmail" time="19.035"/>
  <testcase classname="testClasses.ForgotPasswordTest" name="registeredEmail" time="20.376"/>
  <testcase classname="testClasses.ForgotPasswordTest" name="validateEmailReceived" time="20.122"/>
</testsuite> <!-- testClasses.ForgotPasswordTest -->
