<?xml version="1.0" encoding="UTF-8"?>
<!-- Generated by org.testng.reporters.JUnitReportReporter -->
<testsuite hostname="DESKTOP-BGPMGNP" failures="0" tests="5" name="testClasses.PlanDetailPasswordTest" time="0.000" errors="0" timestamp="15 Jun 2023 16:28:57 GMT" skipped="5">
  <testcase classname="testClasses.PlanDetailPasswordTest" name="verifyUIPlanPage" time="0.000">
    <skipped/>
  </testcase> <!-- verifyUIPlanPage -->
  <testcase classname="testClasses.PlanDetailPasswordTest" name="paymentsPage_OpensUp" time="0.000">
    <skipped/>
  </testcase> <!-- paymentsPage_OpensUp -->
  <testcase classname="testClasses.PlanDetailPasswordTest" name="orderSummary">
    <skipped/>
  </testcase> <!-- orderSummary -->
  <testcase classname="testClasses.PlanDetailPasswordTest" name="navigateBackTo_PlanPage">
    <skipped/>
  </testcase> <!-- navigateBackTo_PlanPage -->
  <testcase classname="testClasses.PlanDetailPasswordTest" name="changeLanguage_OpensUp">
    <skipped/>
  </testcase> <!-- changeLanguage_OpensUp -->
</testsuite> <!-- testClasses.PlanDetailPasswordTest -->
