<?xml version="1.0" encoding="UTF-8"?>
<!-- Generated by org.testng.reporters.JUnitReportReporter -->
<testsuite hostname="DESKTOP-BGPMGNP" failures="0" tests="14" name="testClasses.CategoriesHomePageTest" time="66.532" errors="1" timestamp="08 Aug 2023 10:32:04 GMT" skipped="13">
  <testcase classname="testClasses.CategoriesHomePageTest" name="initialize" time="66.532">
    <error message="An unknown server-side error occurred while processing the command. Original error: Cannot start the &#039;com.river.comics.us&#039; application. Visit https://github.com/appium/appium/blob/master/docs/en/writing-running-appium/android/activity-startup.md for troubleshooting. Original error: &#039;com.ui.splash.SplashActivity&#039; or &#039;com.river.comics.us.com.ui.splash.SplashActivity&#039; never started. Visit https://github.com/appium/appium/blob/master/docs/en/writing-running-appium/android/activity-startup.md for troubleshooting
Build info: version: &#039;3.5.3&#039;, revision: &#039;a88d25fe6b&#039;, time: &#039;2017-08-29T12:42:44.417Z&#039;
System info: host: &#039;DESKTOP-BGPMGNP&#039;, ip: &#039;192.168.1.6&#039;, os.name: &#039;Windows 11&#039;, os.arch: &#039;amd64&#039;, os.version: &#039;10.0&#039;, java.version: &#039;20.0.1&#039;
Driver info: driver.version: AndroidDriver
remote stacktrace: UnknownError: An unknown server-side error occurred while processing the command. Original error: Cannot start the &#039;com.river.comics.us&#039; application. Visit https://github.com/appium/appium/blob/master/docs/en/writing-running-appium/android/activity-startup.md for troubleshooting. Original error: &#039;com.ui.splash.SplashActivity&#039; or &#039;com.river.comics.us.com.ui.splash.SplashActivity&#039; never started. Visit https://github.com/appium/appium/blob/master/docs/en/writing-running-appium/android/activity-startup.md for troubleshooting
    at getResponseForW3CError (C:\Users\Itsqe\AppData\Local\Programs\Appium Server GUI\resources\app\node_modules\appium\node_modules\appium-base-driver\lib\protocol\errors.js:804:9)
    at asyncHandler (C:\Users\Itsqe\AppData\Local\Programs\Appium Server GUI\resources\app\node_modules\appium\node_modules\appium-base-driver\lib\protocol\protocol.js:380:37)" type="org.openqa.selenium.WebDriverException">
      <![CDATA[org.openqa.selenium.WebDriverException: An unknown server-side error occurred while processing the command. Original error: Cannot start the 'com.river.comics.us' application. Visit https://github.com/appium/appium/blob/master/docs/en/writing-running-appium/android/activity-startup.md for troubleshooting. Original error: 'com.ui.splash.SplashActivity' or 'com.river.comics.us.com.ui.splash.SplashActivity' never started. Visit https://github.com/appium/appium/blob/master/docs/en/writing-running-appium/android/activity-startup.md for troubleshooting
Build info: version: '3.5.3', revision: 'a88d25fe6b', time: '2017-08-29T12:42:44.417Z'
System info: host: 'DESKTOP-BGPMGNP', ip: '192.168.1.6', os.name: 'Windows 11', os.arch: 'amd64', os.version: '10.0', java.version: '20.0.1'
Driver info: driver.version: AndroidDriver
remote stacktrace: UnknownError: An unknown server-side error occurred while processing the command. Original error: Cannot start the 'com.river.comics.us' application. Visit https://github.com/appium/appium/blob/master/docs/en/writing-running-appium/android/activity-startup.md for troubleshooting. Original error: 'com.ui.splash.SplashActivity' or 'com.river.comics.us.com.ui.splash.SplashActivity' never started. Visit https://github.com/appium/appium/blob/master/docs/en/writing-running-appium/android/activity-startup.md for troubleshooting
    at getResponseForW3CError (C:\Users\Itsqe\AppData\Local\Programs\Appium Server GUI\resources\app\node_modules\appium\node_modules\appium-base-driver\lib\protocol\errors.js:804:9)
    at asyncHandler (C:\Users\Itsqe\AppData\Local\Programs\Appium Server GUI\resources\app\node_modules\appium\node_modules\appium-base-driver\lib\protocol\protocol.js:380:37)
	at java.base/jdk.internal.reflect.DirectConstructorHandleAccessor.newInstance(DirectConstructorHandleAccessor.java:67)
	at java.base/java.lang.reflect.Constructor.newInstanceWithCaller(Constructor.java:500)
	at java.base/java.lang.reflect.Constructor.newInstance(Constructor.java:484)
	at org.openqa.selenium.remote.W3CHandshakeResponse.lambda$new$0(W3CHandshakeResponse.java:57)
	at org.openqa.selenium.remote.W3CHandshakeResponse.lambda$getResponseFunction$2(W3CHandshakeResponse.java:104)
	at org.openqa.selenium.remote.ProtocolHandshake.lambda$createSession$24(ProtocolHandshake.java:359)
	at java.base/java.util.stream.ReferencePipeline$3$1.accept(ReferencePipeline.java:197)
	at java.base/java.util.Spliterators$ArraySpliterator.tryAdvance(Spliterators.java:1016)
	at java.base/java.util.stream.ReferencePipeline.forEachWithCancel(ReferencePipeline.java:129)
	at java.base/java.util.stream.AbstractPipeline.copyIntoWithCancel(AbstractPipeline.java:527)
	at java.base/java.util.stream.AbstractPipeline.copyInto(AbstractPipeline.java:513)
	at java.base/java.util.stream.AbstractPipeline.wrapAndCopyInto(AbstractPipeline.java:499)
	at java.base/java.util.stream.FindOps$FindOp.evaluateSequential(FindOps.java:150)
	at java.base/java.util.stream.AbstractPipeline.evaluate(AbstractPipeline.java:234)
	at java.base/java.util.stream.ReferencePipeline.findFirst(ReferencePipeline.java:647)
	at org.openqa.selenium.remote.ProtocolHandshake.createSession(ProtocolHandshake.java:362)
	at org.openqa.selenium.remote.ProtocolHandshake.createSession(ProtocolHandshake.java:136)
	at org.openqa.selenium.remote.HttpCommandExecutor.execute(HttpCommandExecutor.java:142)
	at io.appium.java_client.remote.AppiumCommandExecutor.execute(AppiumCommandExecutor.java:52)
	at org.openqa.selenium.remote.RemoteWebDriver.execute(RemoteWebDriver.java:646)
	at io.appium.java_client.DefaultGenericMobileDriver.execute(DefaultGenericMobileDriver.java:42)
	at io.appium.java_client.AppiumDriver.execute(AppiumDriver.java:1)
	at io.appium.java_client.android.AndroidDriver.execute(AndroidDriver.java:1)
	at org.openqa.selenium.remote.RemoteWebDriver.startSession(RemoteWebDriver.java:255)
	at org.openqa.selenium.remote.RemoteWebDriver.startSession(RemoteWebDriver.java:237)
	at org.openqa.selenium.remote.RemoteWebDriver.<init>(RemoteWebDriver.java:138)
	at io.appium.java_client.DefaultGenericMobileDriver.<init>(DefaultGenericMobileDriver.java:37)
	at io.appium.java_client.AppiumDriver.<init>(AppiumDriver.java:160)
	at io.appium.java_client.AppiumDriver.<init>(AppiumDriver.java:168)
	at io.appium.java_client.android.AndroidDriver.<init>(AndroidDriver.java:69)
	at utilities.DriverManager.initializeDriver(DriverManager.java:56)
	at base.BaseTest.initialize(BaseTest.java:35)
	at java.base/jdk.internal.reflect.DirectMethodHandleAccessor.invoke(DirectMethodHandleAccessor.java:104)
	at java.base/java.lang.reflect.Method.invoke(Method.java:578)
	at org.testng.internal.MethodInvocationHelper.invokeMethod(MethodInvocationHelper.java:108)
	at org.testng.internal.Invoker.invokeConfigurationMethod(Invoker.java:523)
	at org.testng.internal.Invoker.invokeConfigurations(Invoker.java:224)
	at org.testng.internal.Invoker.invokeConfigurations(Invoker.java:146)
	at org.testng.SuiteRunner.privateRun(SuiteRunner.java:326)
	at org.testng.SuiteRunner.run(SuiteRunner.java:289)
	at org.testng.SuiteRunnerWorker.runSuite(SuiteRunnerWorker.java:52)
	at org.testng.SuiteRunnerWorker.run(SuiteRunnerWorker.java:86)
	at org.testng.TestNG.runSuitesSequentially(TestNG.java:1301)
	at org.testng.TestNG.runSuitesLocally(TestNG.java:1226)
	at org.testng.TestNG.runSuites(TestNG.java:1144)
	at org.testng.TestNG.run(TestNG.java:1115)
	at org.apache.maven.surefire.testng.TestNGExecutor.run(TestNGExecutor.java:136)
	at org.apache.maven.surefire.testng.TestNGDirectoryTestSuite.executeMulti(TestNGDirectoryTestSuite.java:193)
	at org.apache.maven.surefire.testng.TestNGDirectoryTestSuite.execute(TestNGDirectoryTestSuite.java:94)
	at org.apache.maven.surefire.testng.TestNGProvider.invoke(TestNGProvider.java:145)
	at org.apache.maven.surefire.booter.ForkedBooter.runSuitesInProcess(ForkedBooter.java:428)
	at org.apache.maven.surefire.booter.ForkedBooter.execute(ForkedBooter.java:162)
	at org.apache.maven.surefire.booter.ForkedBooter.run(ForkedBooter.java:562)
	at org.apache.maven.surefire.booter.ForkedBooter.main(ForkedBooter.java:548)
]]>
    </error>
  </testcase> <!-- initialize -->
  <testcase classname="testClasses.CategoriesHomePageTest" name="verifyUIHomePage" time="0.000">
    <skipped/>
  </testcase> <!-- verifyUIHomePage -->
  <testcase classname="testClasses.CategoriesHomePageTest" name="verifyFavouriteAndSearchIcon_WithSubscribedUser" time="0.000">
    <skipped/>
  </testcase> <!-- verifyFavouriteAndSearchIcon_WithSubscribedUser -->
  <testcase classname="testClasses.CategoriesHomePageTest" name="verify5Filter" time="0.000">
    <skipped/>
  </testcase> <!-- verify5Filter -->
  <testcase classname="testClasses.CategoriesHomePageTest" name="verifyIntroEpisodes_ComingSoon" time="0.000">
    <skipped/>
  </testcase> <!-- verifyIntroEpisodes_ComingSoon -->
  <testcase classname="testClasses.CategoriesHomePageTest" name="riverComicsOriginalSeries_Appear" time="0.000">
    <skipped/>
  </testcase> <!-- riverComicsOriginalSeries_Appear -->
  <testcase classname="testClasses.CategoriesHomePageTest" name="allSeries_Appear" time="0.000">
    <skipped/>
  </testcase> <!-- allSeries_Appear -->
  <testcase classname="testClasses.CategoriesHomePageTest" name="selectCategoryPopup_Closed" time="0.000">
    <skipped/>
  </testcase> <!-- selectCategoryPopup_Closed -->
  <testcase classname="testClasses.CategoriesHomePageTest" name="seriesDetailPageOpensUp_AND_sharingPopUpAppear" time="0.000">
    <skipped/>
  </testcase> <!-- seriesDetailPageOpensUp_AND_sharingPopUpAppear -->
  <testcase classname="testClasses.CategoriesHomePageTest" name="addRatingPopUpAppear_AND_RatingGetsUpdated" time="0.000">
    <skipped/>
  </testcase> <!-- addRatingPopUpAppear_AND_RatingGetsUpdated -->
  <testcase classname="testClasses.CategoriesHomePageTest" name="verifyFavouriteIcon" time="0.000">
    <skipped/>
  </testcase> <!-- verifyFavouriteIcon -->
  <testcase classname="testClasses.CategoriesHomePageTest" name="verifyPopUp_SortByNumber_AND_SortByDate" time="0.000">
    <skipped/>
  </testcase> <!-- verifyPopUp_SortByNumber_AND_SortByDate -->
  <testcase classname="testClasses.CategoriesHomePageTest" name="verify_IssueCount" time="0.000">
    <skipped/>
  </testcase> <!-- verify_IssueCount -->
  <testcase classname="testClasses.CategoriesHomePageTest" name="verifyDescriptionExpandRead_AND_CollpaseRead">
    <skipped/>
  </testcase> <!-- verifyDescriptionExpandRead_AND_CollpaseRead -->
</testsuite> <!-- testClasses.CategoriesHomePageTest -->
