<?xml version="1.0" encoding="UTF-8"?>
<!-- Generated by org.testng.reporters.JUnitReportReporter -->
<testsuite hostname="ankit-gupta" failures="0" tests="7" name="testClasses.ForgotPasswordTest" time="0.000" errors="0" timestamp="31 Aug 2023 10:31:41 GMT" skipped="7">
  <testcase classname="testClasses.ForgotPasswordTest" name="forgetPasswordPageOpensUp" time="0.000">
    <skipped/>
  </testcase> <!-- forgetPasswordPageOpensUp -->
  <testcase classname="testClasses.ForgotPasswordTest" name="EmailField_Blank" time="0.000">
    <skipped/>
  </testcase> <!-- EmailField_Blank -->
  <testcase classname="testClasses.ForgotPasswordTest" name="enterspaces_EmailField" time="0.000">
    <skipped/>
  </testcase> <!-- enterspaces_EmailField -->
  <testcase classname="testClasses.ForgotPasswordTest" name="invalidEmail" time="0.000">
    <skipped/>
  </testcase> <!-- invalidEmail -->
  <testcase classname="testClasses.ForgotPasswordTest" name="unregisteredEmail" time="0.000">
    <skipped/>
  </testcase> <!-- unregisteredEmail -->
  <testcase classname="testClasses.ForgotPasswordTest" name="registeredEmail" time="0.000">
    <skipped/>
  </testcase> <!-- registeredEmail -->
  <testcase classname="testClasses.ForgotPasswordTest" name="validateEmailReceived" time="0.000">
    <skipped/>
  </testcase> <!-- validateEmailReceived -->
</testsuite> <!-- testClasses.ForgotPasswordTest -->
